{"name":"UpdatePeriod","status":"broken","statusDetails":{"known":false,"muted":false,"flaky":false,"message":"Expected condition failed: waiting for element to be clickable: By.xpath: /html/body/portal-main/div/div/div[3]/portal-router/div/twa-portal-stage[6]/div/div[2]/twa-nav-menu-stage[4]/div/div[2]/twa-cc-device-section/twa-lazy-view-stack/div/twa-lazy-view[2]/div/twa-cc-entity-search/twa-page/twa-detail-view/twa-detail-view-center/twa-collapse/div[1]/twa-form/div[1]/twa-form-row/twa-form-column[1]/twa-form-item[1]/div/div[2]/div/div/twa-radiobutton[2]/div[1]/span/i (tried for 60 second(s) with 500 milliseconds interval)\n\nVideo: C:\\777\\nep-qa-automation\\test-output\\Capture\\ChangeUpdatedIntervals 03-06-2020 12.36.07.avi\n\n","trace":"org.openqa.selenium.TimeoutException: Expected condition failed: waiting for element to be clickable: By.xpath: /html/body/portal-main/div/div/div[3]/portal-router/div/twa-portal-stage[6]/div/div[2]/twa-nav-menu-stage[4]/div/div[2]/twa-cc-device-section/twa-lazy-view-stack/div/twa-lazy-view[2]/div/twa-cc-entity-search/twa-page/twa-detail-view/twa-detail-view-center/twa-collapse/div[1]/twa-form/div[1]/twa-form-row/twa-form-column[1]/twa-form-item[1]/div/div[2]/div/div/twa-radiobutton[2]/div[1]/span/i (tried for 60 second(s) with 500 milliseconds interval)\n\nVideo: C:\\777\\nep-qa-automation\\test-output\\Capture\\ChangeUpdatedIntervals 03-06-2020 12.36.07.avi\n\n\r\n\tat org.openqa.selenium.support.ui.WebDriverWait.timeoutException(WebDriverWait.java:95)\r\n\tat org.openqa.selenium.support.ui.FluentWait.until(FluentWait.java:272)\r\n\tat Pages.GenericPage.WaitUntilObjectClickable(GenericPage.java:30)\r\n\tat Actions.NepActions.ClickOnIDRadioButton(NepActions.java:641)\r\n\tat Tests.NEP.ChangeUpdatedIntervals.UpdatePeriod(ChangeUpdatedIntervals.java:40)\r\n\tat java.base/jdk.internal.reflect.NativeMethodAccessorImpl.invoke0(Native Method)\r\n\tat java.base/jdk.internal.reflect.NativeMethodAccessorImpl.invoke(NativeMethodAccessorImpl.java:62)\r\n\tat java.base/jdk.internal.reflect.DelegatingMethodAccessorImpl.invoke(DelegatingMethodAccessorImpl.java:43)\r\n\tat java.base/java.lang.reflect.Method.invoke(Method.java:567)\r\n\tat org.testng.internal.MethodInvocationHelper.invokeMethod(MethodInvocationHelper.java:134)\r\n\tat org.testng.internal.TestInvoker.invokeMethod(TestInvoker.java:597)\r\n\tat org.testng.internal.TestInvoker.invokeTestMethod(TestInvoker.java:173)\r\n\tat org.testng.internal.MethodRunner.runInSequence(MethodRunner.java:46)\r\n\tat org.testng.internal.TestInvoker$MethodInvocationAgent.invoke(TestInvoker.java:816)\r\n\tat org.testng.internal.TestInvoker.invokeTestMethods(TestInvoker.java:146)\r\n\tat org.testng.internal.TestMethodWorker.invokeTestMethods(TestMethodWorker.java:146)\r\n\tat org.testng.internal.TestMethodWorker.run(TestMethodWorker.java:128)\r\n\tat java.base/java.util.ArrayList.forEach(ArrayList.java:1540)\r\n\tat org.testng.TestRunner.privateRun(TestRunner.java:766)\r\n\tat org.testng.TestRunner.run(TestRunner.java:587)\r\n\tat org.testng.SuiteRunner.runTest(SuiteRunner.java:384)\r\n\tat org.testng.SuiteRunner.runSequentially(SuiteRunner.java:378)\r\n\tat org.testng.SuiteRunner.privateRun(SuiteRunner.java:337)\r\n\tat org.testng.SuiteRunner.run(SuiteRunner.java:286)\r\n\tat org.testng.SuiteRunnerWorker.runSuite(SuiteRunnerWorker.java:53)\r\n\tat org.testng.SuiteRunnerWorker.run(SuiteRunnerWorker.java:96)\r\n\tat org.testng.TestNG.runSuitesSequentially(TestNG.java:1187)\r\n\tat org.testng.TestNG.runSuitesLocally(TestNG.java:1109)\r\n\tat org.testng.TestNG.runSuites(TestNG.java:1039)\r\n\tat org.testng.TestNG.run(TestNG.java:1007)\r\n\tat org.testng.IDEARemoteTestNG.run(IDEARemoteTestNG.java:73)\r\n\tat org.testng.RemoteTestNGStarter.main(RemoteTestNGStarter.java:123)\r\nCaused by: org.openqa.selenium.NoSuchWindowException: no such window: target window already closed\nfrom unknown error: web view not found\n  (Session info: chrome=83.0.4103.61)\nBuild info: version: '3.141.59', revision: 'e82be7d358', time: '2018-11-14T08:17:03'\nSystem info: host: 'NTY-EN-8D25HC2', ip: '10.243.68.79', os.name: 'Windows 10', os.arch: 'amd64', os.version: '10.0', java.version: '12.0.2'\nDriver info: org.openqa.selenium.chrome.ChromeDriver\nCapabilities {acceptInsecureCerts: false, browserName: chrome, browserVersion: 83.0.4103.61, chrome: {chromedriverVersion: 83.0.4103.39 (ccbf011cb2d2b..., userDataDir: C:\\Users\\MOSHE~1.AVI\\AppDat...}, goog:chromeOptions: {debuggerAddress: localhost:64241}, javascriptEnabled: true, networkConnectionEnabled: false, pageLoadStrategy: normal, platform: WINDOWS, platformName: WINDOWS, proxy: Proxy(), setWindowRect: true, strictFileInteractability: false, timeouts: {implicit: 0, pageLoad: 300000, script: 30000}, unhandledPromptBehavior: dismiss and notify, webauthn:virtualAuthenticators: true}\nSession ID: fb8034d6c769e2e9b811ab6de4a289d2\n*** Element info: {Using=xpath, value=/html/body/portal-main/div/div/div[3]/portal-router/div/twa-portal-stage[6]/div/div[2]/twa-nav-menu-stage[4]/div/div[2]/twa-cc-device-section/twa-lazy-view-stack/div/twa-lazy-view[2]/div/twa-cc-entity-search/twa-page/twa-detail-view/twa-detail-view-center/twa-collapse/div[1]/twa-form/div[1]/twa-form-row/twa-form-column[1]/twa-form-item[1]/div/div[2]/div/div/twa-radiobutton[2]/div[1]/span/i}\r\n\tat jdk.internal.reflect.GeneratedConstructorAccessor22.newInstance(Unknown Source)\r\n\tat java.base/jdk.internal.reflect.DelegatingConstructorAccessorImpl.newInstance(DelegatingConstructorAccessorImpl.java:45)\r\n\tat java.base/java.lang.reflect.Constructor.newInstanceWithCaller(Constructor.java:500)\r\n\tat java.base/java.lang.reflect.Constructor.newInstance(Constructor.java:481)\r\n\tat org.openqa.selenium.remote.http.W3CHttpResponseCodec.createException(W3CHttpResponseCodec.java:187)\r\n\tat org.openqa.selenium.remote.http.W3CHttpResponseCodec.decode(W3CHttpResponseCodec.java:122)\r\n\tat org.openqa.selenium.remote.http.W3CHttpResponseCodec.decode(W3CHttpResponseCodec.java:49)\r\n\tat org.openqa.selenium.remote.HttpCommandExecutor.execute(HttpCommandExecutor.java:158)\r\n\tat org.openqa.selenium.remote.service.DriverCommandExecutor.execute(DriverCommandExecutor.java:83)\r\n\tat org.openqa.selenium.remote.RemoteWebDriver.execute(RemoteWebDriver.java:552)\r\n\tat org.openqa.selenium.remote.RemoteWebDriver.findElement(RemoteWebDriver.java:323)\r\n\tat org.openqa.selenium.remote.RemoteWebDriver.findElementByXPath(RemoteWebDriver.java:428)\r\n\tat org.openqa.selenium.By$ByXPath.findElement(By.java:353)\r\n\tat org.openqa.selenium.remote.RemoteWebDriver.findElement(RemoteWebDriver.java:315)\r\n\tat org.openqa.selenium.support.ui.ExpectedConditions$7.apply(ExpectedConditions.java:205)\r\n\tat org.openqa.selenium.support.ui.ExpectedConditions$7.apply(ExpectedConditions.java:201)\r\n\tat org.openqa.selenium.support.ui.ExpectedConditions$22.apply(ExpectedConditions.java:641)\r\n\tat org.openqa.selenium.support.ui.ExpectedConditions$22.apply(ExpectedConditions.java:638)\r\n\tat org.openqa.selenium.support.ui.FluentWait.until(FluentWait.java:249)\r\n\t... 30 more\r\n"},"stage":"finished","steps":[],"attachments":[],"parameters":[],"start":1591176968373,"stop":1591177055782,"uuid":"b05a2438-bc41-45db-b8da-a20c888d6c08","historyId":"1cccb5c8eb3c8506b29c888f8bb0dd09","fullName":"Tests.NEP.ChangeUpdatedIntervals.UpdatePeriod","labels":[{"name":"package","value":"Tests.NEP.ChangeUpdatedIntervals"},{"name":"testClass","value":"Tests.NEP.ChangeUpdatedIntervals"},{"name":"testMethod","value":"UpdatePeriod"},{"name":"parentSuite","value":"Default Suite"},{"name":"suite","value":"Automation"},{"name":"subSuite","value":"Tests.NEP.ChangeUpdatedIntervals"},{"name":"host","value":"NTY-EN-8D25HC2"},{"name":"thread","value":"1496@NTY-EN-8D25HC2.main(1)"},{"name":"framework","value":"testng"},{"name":"language","value":"java"}],"links":[]}